<?xml version="1.0" encoding="UTF-8"?>
<!-- Generated by org.testng.reporters.JUnitReportReporter -->
<testsuite hostname="DESKTOP-EMOQPA6" failures="0" tests="18" name="com.ciranet.myworkqueue.communitymanagement.testcases.MaintenanceWorkOrdersPageTest" time="-1731928576.000" errors="2" timestamp="2024-11-18T16:45:46 IST" skipped="16">
  <testcase classname="com.ciranet.myworkqueue.communitymanagement.testcases.MaintenanceWorkOrdersPageTest" name="verifyworkOrdersPageURL" time="0.000">
    <skipped/>
  </testcase> <!-- verifyworkOrdersPageURL -->
  <system-out/>
  <testcase classname="com.ciranet.myworkqueue.communitymanagement.testcases.MaintenanceWorkOrdersPageTest" name="loginSetup" time="-1731928576.000">
    <error message="
Parameter &#039;usertype&#039; is required by BeforeSuite on method loginSetup but has not been marked @Optional or defined
in C:\Users\admin\AppData\Local\Temp\testng-eclipse-1764481054\testng-customsuite.xml" type="org.testng.TestNGException">
      <![CDATA[org.testng.TestNGException: 
Parameter 'usertype' is required by BeforeSuite on method loginSetup but has not been marked @Optional or defined
in C:\Users\admin\AppData\Local\Temp\testng-eclipse-1764481054\testng-customsuite.xml
at org.testng.internal.Parameters.createParams(Parameters.java:267)
at org.testng.internal.Parameters.createParametersForMethod(Parameters.java:355)
at org.testng.internal.Parameters.createParameters(Parameters.java:684)
at org.testng.internal.Parameters.createConfigurationParameters(Parameters.java:166)
at org.testng.internal.invokers.ConfigInvoker.invokeConfigurations(ConfigInvoker.java:277)
at org.testng.SuiteRunner.privateRun(SuiteRunner.java:376)
at org.testng.SuiteRunner.run(SuiteRunner.java:330)
at org.testng.SuiteRunnerWorker.runSuite(SuiteRunnerWorker.java:52)
at org.testng.SuiteRunnerWorker.run(SuiteRunnerWorker.java:95)
at org.testng.TestNG.runSuitesSequentially(TestNG.java:1256)
at org.testng.TestNG.runSuitesLocally(TestNG.java:1176)
at org.testng.TestNG.runSuites(TestNG.java:1099)
at org.testng.TestNG.run(TestNG.java:1067)
at org.testng.remote.AbstractRemoteTestNG.run(AbstractRemoteTestNG.java:115)
at org.testng.remote.RemoteTestNG.initAndRun(RemoteTestNG.java:293)
at org.testng.remote.RemoteTestNG.main(RemoteTestNG.java:91)
]]>
    </error>
  </testcase> <!-- loginSetup -->
  <system-out/>
  <testcase classname="com.ciranet.myworkqueue.communitymanagement.testcases.MaintenanceWorkOrdersPageTest" name="setup" time="0.407">
    <error message="Cannot invoke &quot;String.toUpperCase()&quot; because the return value of &quot;java.lang.System.getProperty(String)&quot; is null" type="java.lang.NullPointerException">
      <![CDATA[java.lang.NullPointerException: Cannot invoke "String.toUpperCase()" because the return value of "java.lang.System.getProperty(String)" is null
at com.ciranet.testbase.TestBase.setup(TestBase.java:177)
at java.base/jdk.internal.reflect.DirectMethodHandleAccessor.invoke(DirectMethodHandleAccessor.java:103)
at java.base/java.lang.reflect.Method.invoke(Method.java:580)
at org.testng.internal.invokers.MethodInvocationHelper.invokeMethod(MethodInvocationHelper.java:139)
at org.testng.internal.invokers.MethodInvocationHelper.invokeMethodConsideringTimeout(MethodInvocationHelper.java:69)
at org.testng.internal.invokers.ConfigInvoker.invokeConfigurationMethod(ConfigInvoker.java:361)
at org.testng.internal.invokers.ConfigInvoker.invokeConfigurations(ConfigInvoker.java:296)
at org.testng.SuiteRunner.privateRun(SuiteRunner.java:376)
at org.testng.SuiteRunner.run(SuiteRunner.java:330)
at org.testng.SuiteRunnerWorker.runSuite(SuiteRunnerWorker.java:52)
at org.testng.SuiteRunnerWorker.run(SuiteRunnerWorker.java:95)
at org.testng.TestNG.runSuitesSequentially(TestNG.java:1256)
at org.testng.TestNG.runSuitesLocally(TestNG.java:1176)
at org.testng.TestNG.runSuites(TestNG.java:1099)
at org.testng.TestNG.run(TestNG.java:1067)
at org.testng.remote.AbstractRemoteTestNG.run(AbstractRemoteTestNG.java:115)
at org.testng.remote.RemoteTestNG.initAndRun(RemoteTestNG.java:293)
at org.testng.remote.RemoteTestNG.main(RemoteTestNG.java:91)
]]>
    </error>
  </testcase> <!-- setup -->
  <system-out/>
  <testcase classname="com.ciranet.myworkqueue.communitymanagement.testcases.MaintenanceWorkOrdersPageTest" name="verifyToolbarFullScreenOption" time="0.000">
    <skipped/>
  </testcase> <!-- verifyToolbarFullScreenOption -->
  <system-out/>
  <testcase classname="com.ciranet.myworkqueue.communitymanagement.testcases.MaintenanceWorkOrdersPageTest" name="verifySwitchtab" time="0.001">
    <skipped/>
  </testcase> <!-- verifySwitchtab -->
  <system-out/>
  <testcase classname="com.ciranet.myworkqueue.communitymanagement.testcases.MaintenanceWorkOrdersPageTest" name="verifyClosedDaysTextbox" time="0.000">
    <skipped/>
  </testcase> <!-- verifyClosedDaysTextbox -->
  <system-out/>
  <testcase classname="com.ciranet.myworkqueue.communitymanagement.testcases.MaintenanceWorkOrdersPageTest" name="verifyExpandOption" time="0.000">
    <skipped/>
  </testcase> <!-- verifyExpandOption -->
  <system-out/>
  <testcase classname="com.ciranet.myworkqueue.communitymanagement.testcases.MaintenanceWorkOrdersPageTest" name="verifyCollapseOption" time="0.001">
    <skipped/>
  </testcase> <!-- verifyCollapseOption -->
  <system-out/>
  <testcase classname="com.ciranet.myworkqueue.communitymanagement.testcases.MaintenanceWorkOrdersPageTest" name="verifyColumnChooserOption" time="0.001">
    <skipped/>
  </testcase> <!-- verifyColumnChooserOption -->
  <system-out/>
  <testcase classname="com.ciranet.myworkqueue.communitymanagement.testcases.MaintenanceWorkOrdersPageTest" name="verifyViewEditCloseWorkOrderClick" time="0.000">
    <skipped/>
  </testcase> <!-- verifyViewEditCloseWorkOrderClick -->
  <system-out/>
  <testcase classname="com.ciranet.myworkqueue.communitymanagement.testcases.MaintenanceWorkOrdersPageTest" name="verifyViewEditWorkOrder" time="0.001">
    <skipped/>
  </testcase> <!-- verifyViewEditWorkOrder -->
  <system-out/>
  <testcase classname="com.ciranet.myworkqueue.communitymanagement.testcases.MaintenanceWorkOrdersPageTest" name="verifyViewEditSaveWorkOrderClick" time="0.000">
    <skipped/>
  </testcase> <!-- verifyViewEditSaveWorkOrderClick -->
  <system-out/>
  <testcase classname="com.ciranet.myworkqueue.communitymanagement.testcases.MaintenanceWorkOrdersPageTest" name="verifyManageWorkAuthorization" time="0.000">
    <skipped/>
  </testcase> <!-- verifyManageWorkAuthorization -->
  <system-out/>
  <testcase classname="com.ciranet.myworkqueue.communitymanagement.testcases.MaintenanceWorkOrdersPageTest" name="VerifyManageProposal" time="0.001">
    <skipped/>
  </testcase> <!-- VerifyManageProposal -->
  <system-out/>
  <testcase classname="com.ciranet.myworkqueue.communitymanagement.testcases.MaintenanceWorkOrdersPageTest" name="verifychangeStatus" time="0.000">
    <skipped/>
  </testcase> <!-- verifychangeStatus -->
  <system-out/>
  <testcase classname="com.ciranet.myworkqueue.communitymanagement.testcases.MaintenanceWorkOrdersPageTest" name="VerifyManageTaskReferences" time="0.000">
    <skipped/>
  </testcase> <!-- VerifyManageTaskReferences -->
  <system-out/>
  <testcase classname="com.ciranet.myworkqueue.communitymanagement.testcases.MaintenanceWorkOrdersPageTest" name="verifycloseWorkOrder" time="0.000">
    <skipped/>
  </testcase> <!-- verifycloseWorkOrder -->
  <system-out/>
  <testcase classname="com.ciranet.myworkqueue.communitymanagement.testcases.MaintenanceWorkOrdersPageTest" name="VerifyAddNewWorkOrderClick" time="0.000">
    <skipped/>
  </testcase> <!-- VerifyAddNewWorkOrderClick -->
  <system-out/>
</testsuite> <!-- com.ciranet.myworkqueue.communitymanagement.testcases.MaintenanceWorkOrdersPageTest -->
